
C:\dev\thinq-parent\thinq-parent-backend>if "Windows_NT" == "Windows_NT" setlocal

C:\dev\thinq-parent\thinq-parent-backend>set DIRNAME=C:\dev\thinq-parent\thinq-parent-backend\ 

C:\dev\thinq-parent\thinq-parent-backend>if "C:\dev\thinq-parent\thinq-parent-backend\" == "" set DIRNAME=. 

C:\dev\thinq-parent\thinq-parent-backend>set APP_BASE_NAME=gradlew 

C:\dev\thinq-parent\thinq-parent-backend>set APP_HOME=C:\dev\thinq-parent\thinq-parent-backend\ 

C:\dev\thinq-parent\thinq-parent-backend>for %i in ("C:\dev\thinq-parent\thinq-parent-backend\") do set APP_HOME=%~fi 

C:\dev\thinq-parent\thinq-parent-backend>set APP_HOME=C:\dev\thinq-parent\thinq-parent-backend\ 

C:\dev\thinq-parent\thinq-parent-backend>set DEFAULT_JVM_OPTS="-Xmx64m" "-Xms64m" 

C:\dev\thinq-parent\thinq-parent-backend>if defined JAVA_HOME goto findJavaFromJavaHome 

C:\dev\thinq-parent\thinq-parent-backend>set JAVA_HOME=C:\Program Files\Java\jdk-25 

C:\dev\thinq-parent\thinq-parent-backend>set JAVA_EXE=C:\Program Files\Java\jdk-25/bin/java.exe 

C:\dev\thinq-parent\thinq-parent-backend>if exist "C:\Program Files\Java\jdk-25/bin/java.exe" goto execute 

C:\dev\thinq-parent\thinq-parent-backend>"C:\Program Files\Java\jdk-25/bin/java.exe" "-Xmx64m" "-Xms64m"   "-Dorg.gradle.appname=gradlew" -jar "C:\dev\thinq-parent\thinq-parent-backend\\gradle\wrapper\gradle-wrapper.jar" bootRun 
> Task :compileJava UP-TO-DATE
> Task :processResources UP-TO-DATE
> Task :classes UP-TO-DATE
> Task :resolveMainClassName

> Task :bootRun

  .   ____          _            __ _ _
 /\\ / ___'_ __ _ _(_)_ __  __ _ \ \ \ \
( ( )\___ | '_ | '_| | '_ \/ _` | \ \ \ \
 \\/  ___)| |_)| | | | | || (_| |  ) ) ) )
  '  |____| .__|_| |_|_| |_\__, | / / / /
 =========|_|==============|___/=/_/_/_/

 :: Spring Boot ::                (v4.0.3)

2026-03-17T17:35:10.017+09:00  INFO 22872 --- [thinq-parent] [           main] c.e.thinq_parent.ThinqParentApplication  : Starting ThinqParentApplication using Java 21.0.10 with PID 22872 (C:\dev\thinq-parent\thinq-parent-backend\build\classes\java\main started by 4213 in C:\dev\thinq-parent\thinq-parent-backend)
2026-03-17T17:35:10.020+09:00  INFO 22872 --- [thinq-parent] [           main] c.e.thinq_parent.ThinqParentApplication  : No active profile set, falling back to 1 default profile: "default"
2026-03-17T17:35:10.020+09:00 DEBUG 22872 --- [thinq-parent] [           main] o.s.boot.SpringApplication               : Loading source class com.example.thinq_parent.ThinqParentApplication
2026-03-17T17:35:10.061+09:00 DEBUG 22872 --- [thinq-parent] [           main] ConfigServletWebServerApplicationContext : Refreshing org.springframework.boot.web.server.servlet.context.AnnotationConfigServletWebServerApplicationContext@146dfe6
2026-03-17T17:35:10.749+09:00  INFO 22872 --- [thinq-parent] [           main] .s.d.r.c.RepositoryConfigurationDelegate : Bootstrapping Spring Data JPA repositories in DEFAULT mode.
2026-03-17T17:35:10.772+09:00 DEBUG 22872 --- [thinq-parent] [           main] o.s.b.a.AutoConfigurationPackages        : @EnableAutoConfiguration was declared on a class in the package 'com.example.thinq_parent'. Automatic @Repository and @Entity scanning is enabled.
2026-03-17T17:35:10.821+09:00  INFO 22872 --- [thinq-parent] [           main] .s.d.r.c.RepositoryConfigurationDelegate : Finished Spring Data repository scanning in 58 ms. Found 4 JPA repository interfaces.
^C